  Application.cpp
  Calc.cpp
  Operations.cpp
C:\Users\User\source\repos\CPP_4SEM\Calculator\Operations.cpp(1,10): warning C4067: unexpected tokens following preprocessor directive - expected a newline
  Generating Code...
Calc.obj : error LNK2005: "public: void __cdecl Operations::addBinaryOperation(class std::basic_string<char,struct std::char_traits<char>,class std::allocator<char> > const &,double (__cdecl*&)(double,double),unsigned short)" (?addBinaryOperation@Operations@@QEAAXAEBV?$basic_string@DU?$char_traits@D@std@@V?$allocator@D@2@@std@@AEAP6ANNN@ZG@Z) already defined in Application.obj
Calc.obj : error LNK2005: "public: void __cdecl Operations::addUnaryOperation(class std::basic_string<char,struct std::char_traits<char>,class std::allocator<char> > const &,double (__cdecl*&)(double),unsigned short)" (?addUnaryOperation@Operations@@QEAAXAEBV?$basic_string@DU?$char_traits@D@std@@V?$allocator@D@2@@std@@AEAP6ANN@ZG@Z) already defined in Application.obj
Calc.obj : error LNK2005: "public: bool __cdecl Operations::binaryExistance(class std::basic_string<char,struct std::char_traits<char>,class std::allocator<char> > const &)" (?binaryExistance@Operations@@QEAA_NAEBV?$basic_string@DU?$char_traits@D@std@@V?$allocator@D@2@@std@@@Z) already defined in Application.obj
Calc.obj : error LNK2005: "public: double __cdecl Operations::calculation(class std::basic_string<char,struct std::char_traits<char>,class std::allocator<char> > const &,double,double)" (?calculation@Operations@@QEAANAEBV?$basic_string@DU?$char_traits@D@std@@V?$allocator@D@2@@std@@NN@Z) already defined in Application.obj
Calc.obj : error LNK2005: "public: static class Operations & __cdecl Operations::getOperations(void)" (?getOperations@Operations@@SAAEAV1@XZ) already defined in Application.obj
Calc.obj : error LNK2005: "public: void __cdecl Importer::loadDll(class std::basic_string<char,struct std::char_traits<char>,class std::allocator<char> > const &,class Operations &)" (?loadDll@Importer@@QEAAXAEBV?$basic_string@DU?$char_traits@D@std@@V?$allocator@D@2@@std@@AEAVOperations@@@Z) already defined in Application.obj
Calc.obj : error LNK2005: "class std::basic_string<char,struct std::char_traits<char>,class std::allocator<char> > __cdecl numberExtract(class std::basic_string<char,struct std::char_traits<char>,class std::allocator<char> > const &,int &)" (?numberExtract@@YA?AV?$basic_string@DU?$char_traits@D@std@@V?$allocator@D@2@@std@@AEBV12@AEAH@Z) already defined in Application.obj
Calc.obj : error LNK2005: "public: bool __cdecl Operations::operationExistance(class std::basic_string<char,struct std::char_traits<char>,class std::allocator<char> > const &)" (?operationExistance@Operations@@QEAA_NAEBV?$basic_string@DU?$char_traits@D@std@@V?$allocator@D@2@@std@@@Z) already defined in Application.obj
Calc.obj : error LNK2005: "class std::basic_string<char,struct std::char_traits<char>,class std::allocator<char> > __cdecl operationExtract(class std::basic_string<char,struct std::char_traits<char>,class std::allocator<char> > const &,int &)" (?operationExtract@@YA?AV?$basic_string@DU?$char_traits@D@std@@V?$allocator@D@2@@std@@AEBV12@AEAH@Z) already defined in Application.obj
Calc.obj : error LNK2005: "public: int __cdecl Operations::priority(class std::basic_string<char,struct std::char_traits<char>,class std::allocator<char> > const &)" (?priority@Operations@@QEAAHAEBV?$basic_string@DU?$char_traits@D@std@@V?$allocator@D@2@@std@@@Z) already defined in Application.obj
Calc.obj : error LNK2005: "public: bool __cdecl Operations::unaryExistance(class std::basic_string<char,struct std::char_traits<char>,class std::allocator<char> > const &)" (?unaryExistance@Operations@@QEAA_NAEBV?$basic_string@DU?$char_traits@D@std@@V?$allocator@D@2@@std@@@Z) already defined in Application.obj
Operations.obj : error LNK2005: "public: void __cdecl Operations::addBinaryOperation(class std::basic_string<char,struct std::char_traits<char>,class std::allocator<char> > const &,double (__cdecl*&)(double,double),unsigned short)" (?addBinaryOperation@Operations@@QEAAXAEBV?$basic_string@DU?$char_traits@D@std@@V?$allocator@D@2@@std@@AEAP6ANNN@ZG@Z) already defined in Application.obj
Operations.obj : error LNK2005: "public: void __cdecl Operations::addUnaryOperation(class std::basic_string<char,struct std::char_traits<char>,class std::allocator<char> > const &,double (__cdecl*&)(double),unsigned short)" (?addUnaryOperation@Operations@@QEAAXAEBV?$basic_string@DU?$char_traits@D@std@@V?$allocator@D@2@@std@@AEAP6ANN@ZG@Z) already defined in Application.obj
Operations.obj : error LNK2005: "public: bool __cdecl Operations::binaryExistance(class std::basic_string<char,struct std::char_traits<char>,class std::allocator<char> > const &)" (?binaryExistance@Operations@@QEAA_NAEBV?$basic_string@DU?$char_traits@D@std@@V?$allocator@D@2@@std@@@Z) already defined in Application.obj
Operations.obj : error LNK2005: "public: double __cdecl Operations::calculation(class std::basic_string<char,struct std::char_traits<char>,class std::allocator<char> > const &,double,double)" (?calculation@Operations@@QEAANAEBV?$basic_string@DU?$char_traits@D@std@@V?$allocator@D@2@@std@@NN@Z) already defined in Application.obj
Operations.obj : error LNK2005: "public: static class Operations & __cdecl Operations::getOperations(void)" (?getOperations@Operations@@SAAEAV1@XZ) already defined in Application.obj
Operations.obj : error LNK2005: "public: void __cdecl Importer::loadDll(class std::basic_string<char,struct std::char_traits<char>,class std::allocator<char> > const &,class Operations &)" (?loadDll@Importer@@QEAAXAEBV?$basic_string@DU?$char_traits@D@std@@V?$allocator@D@2@@std@@AEAVOperations@@@Z) already defined in Application.obj
Operations.obj : error LNK2005: "class std::basic_string<char,struct std::char_traits<char>,class std::allocator<char> > __cdecl numberExtract(class std::basic_string<char,struct std::char_traits<char>,class std::allocator<char> > const &,int &)" (?numberExtract@@YA?AV?$basic_string@DU?$char_traits@D@std@@V?$allocator@D@2@@std@@AEBV12@AEAH@Z) already defined in Application.obj
Operations.obj : error LNK2005: "public: bool __cdecl Operations::operationExistance(class std::basic_string<char,struct std::char_traits<char>,class std::allocator<char> > const &)" (?operationExistance@Operations@@QEAA_NAEBV?$basic_string@DU?$char_traits@D@std@@V?$allocator@D@2@@std@@@Z) already defined in Application.obj
Operations.obj : error LNK2005: "class std::basic_string<char,struct std::char_traits<char>,class std::allocator<char> > __cdecl operationExtract(class std::basic_string<char,struct std::char_traits<char>,class std::allocator<char> > const &,int &)" (?operationExtract@@YA?AV?$basic_string@DU?$char_traits@D@std@@V?$allocator@D@2@@std@@AEBV12@AEAH@Z) already defined in Application.obj
Operations.obj : error LNK2005: "public: int __cdecl Operations::priority(class std::basic_string<char,struct std::char_traits<char>,class std::allocator<char> > const &)" (?priority@Operations@@QEAAHAEBV?$basic_string@DU?$char_traits@D@std@@V?$allocator@D@2@@std@@@Z) already defined in Application.obj
Operations.obj : error LNK2005: "public: bool __cdecl Operations::unaryExistance(class std::basic_string<char,struct std::char_traits<char>,class std::allocator<char> > const &)" (?unaryExistance@Operations@@QEAA_NAEBV?$basic_string@DU?$char_traits@D@std@@V?$allocator@D@2@@std@@@Z) already defined in Application.obj
C:\Users\User\source\repos\CPP_4SEM\Calculator\x64\Debug\Calculator.exe : fatal error LNK1169: one or more multiply defined symbols found
